<?xml version="1.0" encoding="UTF-8"?>
<testng-results skipped="0" failed="0" ignored="0" total="1" passed="1">
  <reporter-output>
    <line>
      <![CDATA[=====Browser Session Started=====]]>
    </line>
    <line>
      <![CDATA[=====Application Started=====]]>
    </line>
    <line>
      <![CDATA[=====Browser Session End=====]]>
    </line>
  </reporter-output>
  <suite name="AutomationFramework" duration-ms="23507" started-at="2020-01-13T21:06:27 IST" finished-at="2020-01-13T21:06:50 IST">
    <groups>
    </groups>
    <test name="Registration" duration-ms="23507" started-at="2020-01-13T21:06:27 IST" finished-at="2020-01-13T21:06:50 IST">
      <class name="com.Mytheresa.Login">
        <test-method status="PASS" signature="setupApplication()[pri:0, instance:com.Mytheresa.Login@20398b7c]" name="setupApplication" is-config="true" duration-ms="16324" started-at="2020-01-13T21:06:27 IST" finished-at="2020-01-13T21:06:43 IST">
          <reporter-output>
            <line>
              <![CDATA[=====Browser Session Started=====]]>
            </line>
            <line>
              <![CDATA[=====Application Started=====]]>
            </line>
          </reporter-output>
        </test-method> <!-- setupApplication -->
        <test-method status="PASS" signature="loginToApplication()[pri:1, instance:com.Mytheresa.Login@20398b7c]" name="loginToApplication" duration-ms="6342" started-at="2020-01-13T21:06:43 IST" description="This TC will perform valid login" finished-at="2020-01-13T21:06:50 IST">
          <reporter-output>
          </reporter-output>
        </test-method> <!-- loginToApplication -->
        <test-method status="PASS" signature="closeApplication()[pri:0, instance:com.Mytheresa.Login@20398b7c]" name="closeApplication" is-config="true" duration-ms="809" started-at="2020-01-13T21:06:50 IST" finished-at="2020-01-13T21:06:50 IST">
          <reporter-output>
            <line>
              <![CDATA[=====Browser Session End=====]]>
            </line>
          </reporter-output>
        </test-method> <!-- closeApplication -->
      </class> <!-- com.Mytheresa.Login -->
    </test> <!-- Registration -->
  </suite> <!-- AutomationFramework -->
</testng-results>
